<?xml version="1.0" encoding="utf-8"?><testsuites name="pytest tests"><testsuite name="pytest" errors="0" failures="0" skipped="0" tests="18" time="2.797" timestamp="2026-05-02T06:56:04.249990+00:00" hostname="agent-env-a8adfe4d-874f-432e-a83b-cd830f2c1e4d"><testcase classname="backend.tests.test_cently_iter2.TestCustomerAuth" name="test_register_creates_customer" time="0.413" /><testcase classname="backend.tests.test_cently_iter2.TestCustomerAuth" name="test_register_duplicate_email_returns_409" time="0.324" /><testcase classname="backend.tests.test_cently_iter2.TestCustomerAuth" name="test_login_admin" time="0.266" /><testcase classname="backend.tests.test_cently_iter2.TestCustomerAuth" name="test_login_registered_customer" time="0.271" /><testcase classname="backend.tests.test_cently_iter2.TestAccountRoutes" name="test_account_routes_require_auth" time="0.133" /><testcase classname="backend.tests.test_cently_iter2.TestAccountRoutes" name="test_account_me" time="0.044" /><testcase classname="backend.tests.test_cently_iter2.TestAccountRoutes" name="test_account_update_name_phone" time="0.091" /><testcase classname="backend.tests.test_cently_iter2.TestAccountRoutes" name="test_account_loyalty_initial" time="0.049" /><testcase classname="backend.tests.test_cently_iter2.TestAccountRoutes" name="test_account_orders_initial_empty" time="0.046" /><testcase classname="backend.tests.test_cently_iter2.TestProductCatalogue" name="test_multi_image_gallery" time="0.045" /><testcase classname="backend.tests.test_cently_iter2.TestProductCatalogue" name="test_engravable_categories" time="0.089" /><testcase classname="backend.tests.test_cently_iter2.TestOrdersLoyalty" name="test_guest_order_no_points" time="0.044" /><testcase classname="backend.tests.test_cently_iter2.TestOrdersLoyalty" name="test_authed_order_awards_points_and_records_customer" time="0.141" /><testcase classname="backend.tests.test_cently_iter2.TestOrdersLoyalty" name="test_redeem_exceeds_available_returns_400" time="0.045" /><testcase classname="backend.tests.test_cently_iter2.TestOrdersLoyalty" name="test_redeem_exceeds_10pct_returns_400" time="0.046" /><testcase classname="backend.tests.test_cently_iter2.TestOrdersLoyalty" name="test_redeem_decrements_points_correctly" time="0.136" /><testcase classname="backend.tests.test_cently_iter2.TestOrdersLoyalty" name="test_redeem_without_auth_400" time="0.043" /><testcase classname="backend.tests.test_cently_iter2.TestOrdersLoyalty" name="test_account_orders_isolation" time="0.400" /></testsuite></testsuites>