<?xml version="1.0" encoding="utf-8"?><testsuites name="pytest tests"><testsuite name="pytest" errors="0" failures="0" skipped="0" tests="28" time="2.756" timestamp="2026-05-02T06:39:32.876383+00:00" hostname="agent-env-a8adfe4d-874f-432e-a83b-cd830f2c1e4d"><testcase classname="backend.tests.test_cently_backend.TestPublic" name="test_root" time="0.333" /><testcase classname="backend.tests.test_cently_backend.TestPublic" name="test_products_list" time="0.051" /><testcase classname="backend.tests.test_cently_backend.TestPublic" name="test_product_detail_known_slug" time="0.054" /><testcase classname="backend.tests.test_cently_backend.TestPublic" name="test_product_detail_404" time="0.049" /><testcase classname="backend.tests.test_cently_backend.TestPublic" name="test_categories" time="0.050" /><testcase classname="backend.tests.test_cently_backend.TestPublic" name="test_journal" time="0.047" /><testcase classname="backend.tests.test_cently_backend.TestPublic" name="test_newsletter_subscribe" time="0.061" /><testcase classname="backend.tests.test_cently_backend.TestPublic" name="test_newsletter_invalid_email" time="0.046" /><testcase classname="backend.tests.test_cently_backend.TestPublic" name="test_contact_submit" time="0.060" /><testcase classname="backend.tests.test_cently_backend.TestPublic" name="test_consultation_book" time="0.059" /><testcase classname="backend.tests.test_cently_backend.TestPublic" name="test_create_mock_order" time="0.057" /><testcase classname="backend.tests.test_cently_backend.TestAuth" name="test_login_success" time="0.271" /><testcase classname="backend.tests.test_cently_backend.TestAuth" name="test_login_bad_password" time="0.270" /><testcase classname="backend.tests.test_cently_backend.TestAuth" name="test_login_unknown_user" time="0.046" /><testcase classname="backend.tests.test_cently_backend.TestAuth" name="test_me_with_token" time="0.324" /><testcase classname="backend.tests.test_cently_backend.TestAdminProtected" name="test_unauthenticated_401[/api/admin/stats]" time="0.047" /><testcase classname="backend.tests.test_cently_backend.TestAdminProtected" name="test_unauthenticated_401[/api/admin/orders]" time="0.048" /><testcase classname="backend.tests.test_cently_backend.TestAdminProtected" name="test_unauthenticated_401[/api/admin/newsletter]" time="0.044" /><testcase classname="backend.tests.test_cently_backend.TestAdminProtected" name="test_unauthenticated_401[/api/admin/contact]" time="0.051" /><testcase classname="backend.tests.test_cently_backend.TestAdminProtected" name="test_unauthenticated_401[/api/admin/consultations]" time="0.047" /><testcase classname="backend.tests.test_cently_backend.TestAdminProtected" name="test_unauthenticated_401[/api/admin/products]" time="0.047" /><testcase classname="backend.tests.test_cently_backend.TestAdminProtected" name="test_authenticated_200[/api/admin/stats]" time="0.048" /><testcase classname="backend.tests.test_cently_backend.TestAdminProtected" name="test_authenticated_200[/api/admin/orders]" time="0.048" /><testcase classname="backend.tests.test_cently_backend.TestAdminProtected" name="test_authenticated_200[/api/admin/newsletter]" time="0.050" /><testcase classname="backend.tests.test_cently_backend.TestAdminProtected" name="test_authenticated_200[/api/admin/contact]" time="0.046" /><testcase classname="backend.tests.test_cently_backend.TestAdminProtected" name="test_authenticated_200[/api/admin/consultations]" time="0.046" /><testcase classname="backend.tests.test_cently_backend.TestAdminProtected" name="test_authenticated_200[/api/admin/products]" time="0.049" /><testcase classname="backend.tests.test_cently_backend.TestAdminProtected" name="test_admin_with_invalid_token" time="0.047" /></testsuite></testsuites>