<?xml version="1.0" encoding="utf-8"?><testsuites name="pytest tests"><testsuite name="pytest" errors="0" failures="0" skipped="0" tests="46" time="4.861" timestamp="2026-05-02T06:56:10.328882+00:00" hostname="agent-env-a8adfe4d-874f-432e-a83b-cd830f2c1e4d"><testcase classname="backend.tests.test_cently_backend.TestPublic" name="test_root" time="0.129" /><testcase classname="backend.tests.test_cently_backend.TestPublic" name="test_products_list" time="0.056" /><testcase classname="backend.tests.test_cently_backend.TestPublic" name="test_product_detail_known_slug" time="0.051" /><testcase classname="backend.tests.test_cently_backend.TestPublic" name="test_product_detail_404" time="0.051" /><testcase classname="backend.tests.test_cently_backend.TestPublic" name="test_categories" time="0.050" /><testcase classname="backend.tests.test_cently_backend.TestPublic" name="test_journal" time="0.052" /><testcase classname="backend.tests.test_cently_backend.TestPublic" name="test_newsletter_subscribe" time="0.079" /><testcase classname="backend.tests.test_cently_backend.TestPublic" name="test_newsletter_invalid_email" time="0.050" /><testcase classname="backend.tests.test_cently_backend.TestPublic" name="test_contact_submit" time="0.049" /><testcase classname="backend.tests.test_cently_backend.TestPublic" name="test_consultation_book" time="0.052" /><testcase classname="backend.tests.test_cently_backend.TestPublic" name="test_create_mock_order" time="0.047" /><testcase classname="backend.tests.test_cently_backend.TestAuth" name="test_login_success" time="0.272" /><testcase classname="backend.tests.test_cently_backend.TestAuth" name="test_login_bad_password" time="0.273" /><testcase classname="backend.tests.test_cently_backend.TestAuth" name="test_login_unknown_user" time="0.048" /><testcase classname="backend.tests.test_cently_backend.TestAuth" name="test_me_with_token" time="0.319" /><testcase classname="backend.tests.test_cently_backend.TestAdminProtected" name="test_unauthenticated_401[/api/admin/stats]" time="0.050" /><testcase classname="backend.tests.test_cently_backend.TestAdminProtected" name="test_unauthenticated_401[/api/admin/orders]" time="0.052" /><testcase classname="backend.tests.test_cently_backend.TestAdminProtected" name="test_unauthenticated_401[/api/admin/newsletter]" time="0.048" /><testcase classname="backend.tests.test_cently_backend.TestAdminProtected" name="test_unauthenticated_401[/api/admin/contact]" time="0.047" /><testcase classname="backend.tests.test_cently_backend.TestAdminProtected" name="test_unauthenticated_401[/api/admin/consultations]" time="0.049" /><testcase classname="backend.tests.test_cently_backend.TestAdminProtected" name="test_unauthenticated_401[/api/admin/products]" time="0.049" /><testcase classname="backend.tests.test_cently_backend.TestAdminProtected" name="test_authenticated_200[/api/admin/stats]" time="0.050" /><testcase classname="backend.tests.test_cently_backend.TestAdminProtected" name="test_authenticated_200[/api/admin/orders]" time="0.052" /><testcase classname="backend.tests.test_cently_backend.TestAdminProtected" name="test_authenticated_200[/api/admin/newsletter]" time="0.048" /><testcase classname="backend.tests.test_cently_backend.TestAdminProtected" name="test_authenticated_200[/api/admin/contact]" time="0.052" /><testcase classname="backend.tests.test_cently_backend.TestAdminProtected" name="test_authenticated_200[/api/admin/consultations]" time="0.054" /><testcase classname="backend.tests.test_cently_backend.TestAdminProtected" name="test_authenticated_200[/api/admin/products]" time="0.051" /><testcase classname="backend.tests.test_cently_backend.TestAdminProtected" name="test_admin_with_invalid_token" time="0.053" /><testcase classname="backend.tests.test_cently_iter2.TestCustomerAuth" name="test_register_creates_customer" time="0.328" /><testcase classname="backend.tests.test_cently_iter2.TestCustomerAuth" name="test_register_duplicate_email_returns_409" time="0.317" /><testcase classname="backend.tests.test_cently_iter2.TestCustomerAuth" name="test_login_admin" time="0.271" /><testcase classname="backend.tests.test_cently_iter2.TestCustomerAuth" name="test_login_registered_customer" time="0.273" /><testcase classname="backend.tests.test_cently_iter2.TestAccountRoutes" name="test_account_routes_require_auth" time="0.137" /><testcase classname="backend.tests.test_cently_iter2.TestAccountRoutes" name="test_account_me" time="0.049" /><testcase classname="backend.tests.test_cently_iter2.TestAccountRoutes" name="test_account_update_name_phone" time="0.097" /><testcase classname="backend.tests.test_cently_iter2.TestAccountRoutes" name="test_account_loyalty_initial" time="0.046" /><testcase classname="backend.tests.test_cently_iter2.TestAccountRoutes" name="test_account_orders_initial_empty" time="0.045" /><testcase classname="backend.tests.test_cently_iter2.TestProductCatalogue" name="test_multi_image_gallery" time="0.046" /><testcase classname="backend.tests.test_cently_iter2.TestProductCatalogue" name="test_engravable_categories" time="0.101" /><testcase classname="backend.tests.test_cently_iter2.TestOrdersLoyalty" name="test_guest_order_no_points" time="0.047" /><testcase classname="backend.tests.test_cently_iter2.TestOrdersLoyalty" name="test_authed_order_awards_points_and_records_customer" time="0.140" /><testcase classname="backend.tests.test_cently_iter2.TestOrdersLoyalty" name="test_redeem_exceeds_available_returns_400" time="0.045" /><testcase classname="backend.tests.test_cently_iter2.TestOrdersLoyalty" name="test_redeem_exceeds_10pct_returns_400" time="0.045" /><testcase classname="backend.tests.test_cently_iter2.TestOrdersLoyalty" name="test_redeem_decrements_points_correctly" time="0.139" /><testcase classname="backend.tests.test_cently_iter2.TestOrdersLoyalty" name="test_redeem_without_auth_400" time="0.046" /><testcase classname="backend.tests.test_cently_iter2.TestOrdersLoyalty" name="test_account_orders_isolation" time="0.365" /></testsuite></testsuites>